<?xml version="1.0" encoding="UTF-8"?>
<robot generator="Robot 7.0.1 (Python 3.10.11 on win32)" generated="2024-08-02T07:41:28.897913" rpa="false" schemaversion="5">
<suite id="s1" name="TC1" source="D:\IT Self Study\Robot Framework\Practice project - Robot Framework\TC1.robot">
<test id="s1-t1" name="LoginTest" line="9">
<kw name="Open Browser" owner="SeleniumLibrary">
<msg time="2024-08-02T07:41:29.105364" level="INFO">Opening browser 'chrome' to base url 'https://demo.nopcommerce.com'.</msg>
<arg>${url}</arg>
<arg>${browser}</arg>
<doc>Opens a new browser instance to the optional ``url``.</doc>
<status status="PASS" start="2024-08-02T07:41:29.105364" elapsed="2.236889"/>
</kw>
<kw name="loginToTheApplication">
<kw name="Click Link" owner="SeleniumLibrary">
<msg time="2024-08-02T07:41:31.344361" level="INFO">Clicking link 'xpath://a[contains(text(),'Log in')]'.</msg>
<arg>xpath://a[contains(text(),'Log in')]</arg>
<doc>Clicks a link identified by ``locator``.</doc>
<status status="PASS" start="2024-08-02T07:41:31.344361" elapsed="0.853363"/>
</kw>
<kw name="Input Text" owner="SeleniumLibrary">
<msg time="2024-08-02T07:41:32.197724" level="INFO">Typing text 'test@test.com' into text field 'id:Email'.</msg>
<arg>id:Email</arg>
<arg>test@test.com</arg>
<doc>Types the given ``text`` into the text field identified by ``locator``.</doc>
<status status="PASS" start="2024-08-02T07:41:32.197724" elapsed="0.148049"/>
</kw>
<kw name="Input Text" owner="SeleniumLibrary">
<msg time="2024-08-02T07:41:32.345773" level="INFO">Typing text 'Test@123' into text field 'id:Password'.</msg>
<arg>id:Password</arg>
<arg>Test@123</arg>
<doc>Types the given ``text`` into the text field identified by ``locator``.</doc>
<status status="PASS" start="2024-08-02T07:41:32.345773" elapsed="0.113066"/>
</kw>
<kw name="Click Element" owner="SeleniumLibrary">
<msg time="2024-08-02T07:41:32.458839" level="INFO">Clicking element 'xpath://button[contains(text(),'Log in')]'.</msg>
<arg>xpath://button[contains(text(),'Log in')]</arg>
<doc>Click the element identified by ``locator``.</doc>
<status status="PASS" start="2024-08-02T07:41:32.458839" elapsed="2.351806"/>
</kw>
<status status="PASS" start="2024-08-02T07:41:31.343248" elapsed="3.467397"/>
</kw>
<kw name="Close Browser" owner="SeleniumLibrary">
<doc>Closes the current browser.</doc>
<status status="PASS" start="2024-08-02T07:41:34.811659" elapsed="2.157586"/>
</kw>
<status status="PASS" start="2024-08-02T07:41:29.104208" elapsed="7.867131"/>
</test>
<status status="PASS" start="2024-08-02T07:41:28.899914" elapsed="8.077169"/>
</suite>
<statistics>
<total>
<stat pass="1" fail="0" skip="0">All Tests</stat>
</total>
<tag>
</tag>
<suite>
<stat pass="1" fail="0" skip="0" id="s1" name="TC1">TC1</stat>
</suite>
</statistics>
<errors>
</errors>
</robot>
